rm: cannot remove ‘mpi_sum_small.txt’: No such file or directory
n = 2000, simulation time = 0.375657 seconds
n = 2000, simulation time = 15.9085 seconds
n = 2000, simulation time = 7.99219 seconds
n = 2000, simulation time = 4.17571 seconds
n = 2000, simulation time = 2.29894 seconds
n = 2000, simulation time = 1.28049 seconds
n = 2000, simulation time = 15.9166 seconds
n = 4000, simulation time = 31.9425 seconds
n = 8000, simulation time = 65.6137 seconds
n = 16000, simulation time = 146.379 seconds
n = 32000, simulation time = 8.16177 seconds

Strong scaling estimates are :
    0.95    1.47    1.86    2.08    1.71    0.95 (speedup)
    0.95    0.74    0.46    0.26    0.11    0.95 (efficiency)    for
       1       2       4       8      16       1 threads/processors

Average strong scaling efficiency:    0.58 

Weak scaling estimates are :
    0.95    0.69    0.42    0.19    0.05    0.05 (efficiency)    for
       1       2       4       8      16       1 threads/processors

Average weak scaling efficiency:    0.39 

