rm: cannot remove ‘mpi_sum_small.txt’: No such file or directory
n = 2000, simulation time = 0.374306 seconds
n = 2000, simulation time = 0.395497 seconds
n = 2000, simulation time = 0.254078 seconds
n = 2000, simulation time = 0.201389 seconds
n = 2000, simulation time = 0.179794 seconds
n = 2000, simulation time = 0.218668 seconds
n = 2000, simulation time = 0.392086 seconds
n = 4000, simulation time = 0.541605 seconds
n = 8000, simulation time = 0.883055 seconds
n = 16000, simulation time = 1.96816 seconds
n = 32000, simulation time = 7.35196 seconds

Strong scaling estimates are :
    0.95    1.47    1.86    2.08    1.71 (speedup)
    0.95    0.74    0.46    0.26    0.11 (efficiency)    for
       1       2       4       8      16 threads/processors

Average strong scaling efficiency:    0.50 

Weak scaling estimates are :
    0.95    0.95    0.69    0.42    0.19 (efficiency)    for
       1       2       4       8      16 threads/processors

Average weak scaling efficiency:    0.64 

